<?xml version="1.0" encoding="UTF-8"?>
<!-- Generated by org.testng.reporters.JUnitReportReporter -->
<testsuite hostname="CNU418BFGX" name="webinar.TestCase" tests="1" failures="0" timestamp="7 Jun 2015 18:17:28 GMT" time="301.110" errors="0">
  <testcase name="openGoToMeeting" time="301.110" classname="webinar.TestCase"/>
</testsuite> <!-- webinar.TestCase -->
