<?xml version="1.0" encoding="UTF-8"?>
<!-- Generated by org.testng.reporters.JUnitReportReporter -->
<testsuite hostname="CNU418BFGX" name="webinar.scheduleWebinar" tests="1" failures="0" timestamp="8 Jun 2015 23:22:58 GMT" time="202.269" errors="0">
  <testcase name="scheduleMeetingOneSessionTest" time="202.269" classname="webinar.scheduleWebinar"/>
</testsuite> <!-- webinar.scheduleWebinar -->
